Start testing: May 05 04:48 CEST
----------------------------------------------------------
1/12 Testing: Constructor.no_arg
1/12 Test: Constructor.no_arg
Command: "/Users/jean-philippemagido/dev_workspace/challenges-RMD/C++/textmaster/build/CheckoutTest" "--gtest_filter=Constructor.no_arg" "--gtest_also_run_disabled_tests"
Directory: /Users/jean-philippemagido/dev_workspace/challenges-RMD/C++/textmaster/build
"Constructor.no_arg" start time: May 05 04:48 CEST
Output:
----------------------------------------------------------
Running main() from /Users/jean-philippemagido/dev_workspace/challenges-RMD/C++/textmaster/build/_deps/googletest-src/googletest/src/gtest_main.cc
Note: Google Test filter = Constructor.no_arg
[==========] Running 1 test from 1 test suite.
[----------] Global test environment set-up.
[----------] 1 test from Constructor
[ RUN      ] Constructor.no_arg
[       OK ] Constructor.no_arg (0 ms)
[----------] 1 test from Constructor (0 ms total)

[----------] Global test environment tear-down
[==========] 1 test from 1 test suite ran. (0 ms total)
[  PASSED  ] 1 test.
<end of output>
Test time =   0.00 sec
----------------------------------------------------------
Test Passed.
"Constructor.no_arg" end time: May 05 04:48 CEST
"Constructor.no_arg" time elapsed: 00:00:00
----------------------------------------------------------

2/12 Testing: Constructor.two_args
2/12 Test: Constructor.two_args
Command: "/Users/jean-philippemagido/dev_workspace/challenges-RMD/C++/textmaster/build/CheckoutTest" "--gtest_filter=Constructor.two_args" "--gtest_also_run_disabled_tests"
Directory: /Users/jean-philippemagido/dev_workspace/challenges-RMD/C++/textmaster/build
"Constructor.two_args" start time: May 05 04:48 CEST
Output:
----------------------------------------------------------
Running main() from /Users/jean-philippemagido/dev_workspace/challenges-RMD/C++/textmaster/build/_deps/googletest-src/googletest/src/gtest_main.cc
Note: Google Test filter = Constructor.two_args
[==========] Running 1 test from 1 test suite.
[----------] Global test environment set-up.
[----------] 1 test from Constructor
[ RUN      ] Constructor.two_args
[       OK ] Constructor.two_args (0 ms)
[----------] 1 test from Constructor (0 ms total)

[----------] Global test environment tear-down
[==========] 1 test from 1 test suite ran. (0 ms total)
[  PASSED  ] 1 test.
<end of output>
Test time =   0.00 sec
----------------------------------------------------------
Test Passed.
"Constructor.two_args" end time: May 05 04:48 CEST
"Constructor.two_args" time elapsed: 00:00:00
----------------------------------------------------------

3/12 Testing: scan.stores_new_item
3/12 Test: scan.stores_new_item
Command: "/Users/jean-philippemagido/dev_workspace/challenges-RMD/C++/textmaster/build/CheckoutTest" "--gtest_filter=scan.stores_new_item" "--gtest_also_run_disabled_tests"
Directory: /Users/jean-philippemagido/dev_workspace/challenges-RMD/C++/textmaster/build
"scan.stores_new_item" start time: May 05 04:48 CEST
Output:
----------------------------------------------------------
Running main() from /Users/jean-philippemagido/dev_workspace/challenges-RMD/C++/textmaster/build/_deps/googletest-src/googletest/src/gtest_main.cc
Note: Google Test filter = scan.stores_new_item
[==========] Running 1 test from 1 test suite.
[----------] Global test environment set-up.
[----------] 1 test from scan
[ RUN      ] scan.stores_new_item
[       OK ] scan.stores_new_item (0 ms)
[----------] 1 test from scan (0 ms total)

[----------] Global test environment tear-down
[==========] 1 test from 1 test suite ran. (0 ms total)
[  PASSED  ] 1 test.
<end of output>
Test time =   0.00 sec
----------------------------------------------------------
Test Passed.
"scan.stores_new_item" end time: May 05 04:48 CEST
"scan.stores_new_item" time elapsed: 00:00:00
----------------------------------------------------------

4/12 Testing: total.no_discount_example
4/12 Test: total.no_discount_example
Command: "/Users/jean-philippemagido/dev_workspace/challenges-RMD/C++/textmaster/build/CheckoutTest" "--gtest_filter=total.no_discount_example" "--gtest_also_run_disabled_tests"
Directory: /Users/jean-philippemagido/dev_workspace/challenges-RMD/C++/textmaster/build
"total.no_discount_example" start time: May 05 04:48 CEST
Output:
----------------------------------------------------------
Running main() from /Users/jean-philippemagido/dev_workspace/challenges-RMD/C++/textmaster/build/_deps/googletest-src/googletest/src/gtest_main.cc
Note: Google Test filter = total.no_discount_example
[==========] Running 1 test from 1 test suite.
[----------] Global test environment set-up.
[----------] 1 test from total
[ RUN      ] total.no_discount_example
[       OK ] total.no_discount_example (0 ms)
[----------] 1 test from total (0 ms total)

[----------] Global test environment tear-down
[==========] 1 test from 1 test suite ran. (0 ms total)
[  PASSED  ] 1 test.
<end of output>
Test time =   0.01 sec
----------------------------------------------------------
Test Passed.
"total.no_discount_example" end time: May 05 04:48 CEST
"total.no_discount_example" time elapsed: 00:00:00
----------------------------------------------------------

5/12 Testing: total.example1
5/12 Test: total.example1
Command: "/Users/jean-philippemagido/dev_workspace/challenges-RMD/C++/textmaster/build/CheckoutTest" "--gtest_filter=total.example1" "--gtest_also_run_disabled_tests"
Directory: /Users/jean-philippemagido/dev_workspace/challenges-RMD/C++/textmaster/build
"total.example1" start time: May 05 04:48 CEST
Output:
----------------------------------------------------------
Running main() from /Users/jean-philippemagido/dev_workspace/challenges-RMD/C++/textmaster/build/_deps/googletest-src/googletest/src/gtest_main.cc
Note: Google Test filter = total.example1
[==========] Running 1 test from 1 test suite.
[----------] Global test environment set-up.
[----------] 1 test from total
[ RUN      ] total.example1
[       OK ] total.example1 (0 ms)
[----------] 1 test from total (0 ms total)

[----------] Global test environment tear-down
[==========] 1 test from 1 test suite ran. (0 ms total)
[  PASSED  ] 1 test.
<end of output>
Test time =   0.00 sec
----------------------------------------------------------
Test Passed.
"total.example1" end time: May 05 04:48 CEST
"total.example1" time elapsed: 00:00:00
----------------------------------------------------------

6/12 Testing: total.example2
6/12 Test: total.example2
Command: "/Users/jean-philippemagido/dev_workspace/challenges-RMD/C++/textmaster/build/CheckoutTest" "--gtest_filter=total.example2" "--gtest_also_run_disabled_tests"
Directory: /Users/jean-philippemagido/dev_workspace/challenges-RMD/C++/textmaster/build
"total.example2" start time: May 05 04:48 CEST
Output:
----------------------------------------------------------
Running main() from /Users/jean-philippemagido/dev_workspace/challenges-RMD/C++/textmaster/build/_deps/googletest-src/googletest/src/gtest_main.cc
Note: Google Test filter = total.example2
[==========] Running 1 test from 1 test suite.
[----------] Global test environment set-up.
[----------] 1 test from total
[ RUN      ] total.example2
[       OK ] total.example2 (0 ms)
[----------] 1 test from total (0 ms total)

[----------] Global test environment tear-down
[==========] 1 test from 1 test suite ran. (0 ms total)
[  PASSED  ] 1 test.
<end of output>
Test time =   0.00 sec
----------------------------------------------------------
Test Passed.
"total.example2" end time: May 05 04:48 CEST
"total.example2" time elapsed: 00:00:00
----------------------------------------------------------

7/12 Testing: total.example3
7/12 Test: total.example3
Command: "/Users/jean-philippemagido/dev_workspace/challenges-RMD/C++/textmaster/build/CheckoutTest" "--gtest_filter=total.example3" "--gtest_also_run_disabled_tests"
Directory: /Users/jean-philippemagido/dev_workspace/challenges-RMD/C++/textmaster/build
"total.example3" start time: May 05 04:48 CEST
Output:
----------------------------------------------------------
Running main() from /Users/jean-philippemagido/dev_workspace/challenges-RMD/C++/textmaster/build/_deps/googletest-src/googletest/src/gtest_main.cc
Note: Google Test filter = total.example3
[==========] Running 1 test from 1 test suite.
[----------] Global test environment set-up.
[----------] 1 test from total
[ RUN      ] total.example3
[       OK ] total.example3 (0 ms)
[----------] 1 test from total (0 ms total)

[----------] Global test environment tear-down
[==========] 1 test from 1 test suite ran. (0 ms total)
[  PASSED  ] 1 test.
<end of output>
Test time =   0.00 sec
----------------------------------------------------------
Test Passed.
"total.example3" end time: May 05 04:48 CEST
"total.example3" time elapsed: 00:00:00
----------------------------------------------------------

8/12 Testing: Constructor.InitializeCode
8/12 Test: Constructor.InitializeCode
Command: "/Users/jean-philippemagido/dev_workspace/challenges-RMD/C++/textmaster/build/ItemTest" "--gtest_filter=Constructor.InitializeCode" "--gtest_also_run_disabled_tests"
Directory: /Users/jean-philippemagido/dev_workspace/challenges-RMD/C++/textmaster/build
"Constructor.InitializeCode" start time: May 05 04:48 CEST
Output:
----------------------------------------------------------
Running main() from /Users/jean-philippemagido/dev_workspace/challenges-RMD/C++/textmaster/build/_deps/googletest-src/googletest/src/gtest_main.cc
Note: Google Test filter = Constructor.InitializeCode
[==========] Running 1 test from 1 test suite.
[----------] Global test environment set-up.
[----------] 1 test from Constructor
[ RUN      ] Constructor.InitializeCode
[       OK ] Constructor.InitializeCode (0 ms)
[----------] 1 test from Constructor (0 ms total)

[----------] Global test environment tear-down
[==========] 1 test from 1 test suite ran. (0 ms total)
[  PASSED  ] 1 test.
<end of output>
Test time =   0.00 sec
----------------------------------------------------------
Test Passed.
"Constructor.InitializeCode" end time: May 05 04:48 CEST
"Constructor.InitializeCode" time elapsed: 00:00:00
----------------------------------------------------------

9/12 Testing: Constructor.initialize
9/12 Test: Constructor.initialize
Command: "/Users/jean-philippemagido/dev_workspace/challenges-RMD/C++/textmaster/build/DiscountTest" "--gtest_filter=Constructor.initialize" "--gtest_also_run_disabled_tests"
Directory: /Users/jean-philippemagido/dev_workspace/challenges-RMD/C++/textmaster/build
"Constructor.initialize" start time: May 05 04:48 CEST
Output:
----------------------------------------------------------
Running main() from /Users/jean-philippemagido/dev_workspace/challenges-RMD/C++/textmaster/build/_deps/googletest-src/googletest/src/gtest_main.cc
Note: Google Test filter = Constructor.initialize
[==========] Running 1 test from 1 test suite.
[----------] Global test environment set-up.
[----------] 1 test from Constructor
[ RUN      ] Constructor.initialize
[       OK ] Constructor.initialize (0 ms)
[----------] 1 test from Constructor (0 ms total)

[----------] Global test environment tear-down
[==========] 1 test from 1 test suite ran. (0 ms total)
[  PASSED  ] 1 test.
<end of output>
Test time =   0.00 sec
----------------------------------------------------------
Test Passed.
"Constructor.initialize" end time: May 05 04:48 CEST
"Constructor.initialize" time elapsed: 00:00:00
----------------------------------------------------------

10/12 Testing: amount.apple_price
10/12 Test: amount.apple_price
Command: "/Users/jean-philippemagido/dev_workspace/challenges-RMD/C++/textmaster/build/DiscountTest" "--gtest_filter=amount.apple_price" "--gtest_also_run_disabled_tests"
Directory: /Users/jean-philippemagido/dev_workspace/challenges-RMD/C++/textmaster/build
"amount.apple_price" start time: May 05 04:48 CEST
Output:
----------------------------------------------------------
Running main() from /Users/jean-philippemagido/dev_workspace/challenges-RMD/C++/textmaster/build/_deps/googletest-src/googletest/src/gtest_main.cc
Note: Google Test filter = amount.apple_price
[==========] Running 1 test from 1 test suite.
[----------] Global test environment set-up.
[----------] 1 test from amount
[ RUN      ] amount.apple_price
[       OK ] amount.apple_price (0 ms)
[----------] 1 test from amount (0 ms total)

[----------] Global test environment tear-down
[==========] 1 test from 1 test suite ran. (0 ms total)
[  PASSED  ] 1 test.
<end of output>
Test time =   0.01 sec
----------------------------------------------------------
Test Passed.
"amount.apple_price" end time: May 05 04:48 CEST
"amount.apple_price" time elapsed: 00:00:00
----------------------------------------------------------

11/12 Testing: amount.tea_price_discount_2
11/12 Test: amount.tea_price_discount_2
Command: "/Users/jean-philippemagido/dev_workspace/challenges-RMD/C++/textmaster/build/DiscountTest" "--gtest_filter=amount.tea_price_discount_2" "--gtest_also_run_disabled_tests"
Directory: /Users/jean-philippemagido/dev_workspace/challenges-RMD/C++/textmaster/build
"amount.tea_price_discount_2" start time: May 05 04:48 CEST
Output:
----------------------------------------------------------
Running main() from /Users/jean-philippemagido/dev_workspace/challenges-RMD/C++/textmaster/build/_deps/googletest-src/googletest/src/gtest_main.cc
Note: Google Test filter = amount.tea_price_discount_2
[==========] Running 1 test from 1 test suite.
[----------] Global test environment set-up.
[----------] 1 test from amount
[ RUN      ] amount.tea_price_discount_2
[       OK ] amount.tea_price_discount_2 (0 ms)
[----------] 1 test from amount (0 ms total)

[----------] Global test environment tear-down
[==========] 1 test from 1 test suite ran. (0 ms total)
[  PASSED  ] 1 test.
<end of output>
Test time =   0.00 sec
----------------------------------------------------------
Test Passed.
"amount.tea_price_discount_2" end time: May 05 04:48 CEST
"amount.tea_price_discount_2" time elapsed: 00:00:00
----------------------------------------------------------

12/12 Testing: with_discount.tea_price_discount1
12/12 Test: with_discount.tea_price_discount1
Command: "/Users/jean-philippemagido/dev_workspace/challenges-RMD/C++/textmaster/build/DiscountTest" "--gtest_filter=with_discount.tea_price_discount1" "--gtest_also_run_disabled_tests"
Directory: /Users/jean-philippemagido/dev_workspace/challenges-RMD/C++/textmaster/build
"with_discount.tea_price_discount1" start time: May 05 04:48 CEST
Output:
----------------------------------------------------------
Running main() from /Users/jean-philippemagido/dev_workspace/challenges-RMD/C++/textmaster/build/_deps/googletest-src/googletest/src/gtest_main.cc
Note: Google Test filter = with_discount.tea_price_discount1
[==========] Running 1 test from 1 test suite.
[----------] Global test environment set-up.
[----------] 1 test from with_discount
[ RUN      ] with_discount.tea_price_discount1
[       OK ] with_discount.tea_price_discount1 (0 ms)
[----------] 1 test from with_discount (0 ms total)

[----------] Global test environment tear-down
[==========] 1 test from 1 test suite ran. (0 ms total)
[  PASSED  ] 1 test.
<end of output>
Test time =   0.00 sec
----------------------------------------------------------
Test Passed.
"with_discount.tea_price_discount1" end time: May 05 04:48 CEST
"with_discount.tea_price_discount1" time elapsed: 00:00:00
----------------------------------------------------------

End testing: May 05 04:48 CEST
