Start testing: May 04 14:17 CEST
----------------------------------------------------------
1/5 Testing: Constructor.initializes
1/5 Test: Constructor.initializes
Command: "/Users/jean-philippemagido/dev_workspace/challenges-RMD/C++/textmaster/build/CheckoutTest" "--gtest_filter=Constructor.initializes" "--gtest_also_run_disabled_tests"
Directory: /Users/jean-philippemagido/dev_workspace/challenges-RMD/C++/textmaster/build
"Constructor.initializes" start time: May 04 14:17 CEST
Output:
----------------------------------------------------------
Running main() from /Users/jean-philippemagido/dev_workspace/challenges-RMD/C++/textmaster/build/_deps/googletest-src/googletest/src/gtest_main.cc
Note: Google Test filter = Constructor.initializes
[==========] Running 1 test from 1 test suite.
[----------] Global test environment set-up.
[----------] 1 test from Constructor
[ RUN      ] Constructor.initializes
[       OK ] Constructor.initializes (0 ms)
[----------] 1 test from Constructor (0 ms total)

[----------] Global test environment tear-down
[==========] 1 test from 1 test suite ran. (0 ms total)
[  PASSED  ] 1 test.
<end of output>
Test time =   0.00 sec
----------------------------------------------------------
Test Passed.
"Constructor.initializes" end time: May 04 14:17 CEST
"Constructor.initializes" time elapsed: 00:00:00
----------------------------------------------------------

2/5 Testing: scan.stores_new_item
2/5 Test: scan.stores_new_item
Command: "/Users/jean-philippemagido/dev_workspace/challenges-RMD/C++/textmaster/build/CheckoutTest" "--gtest_filter=scan.stores_new_item" "--gtest_also_run_disabled_tests"
Directory: /Users/jean-philippemagido/dev_workspace/challenges-RMD/C++/textmaster/build
"scan.stores_new_item" start time: May 04 14:17 CEST
Output:
----------------------------------------------------------
Running main() from /Users/jean-philippemagido/dev_workspace/challenges-RMD/C++/textmaster/build/_deps/googletest-src/googletest/src/gtest_main.cc
Note: Google Test filter = scan.stores_new_item
[==========] Running 1 test from 1 test suite.
[----------] Global test environment set-up.
[----------] 1 test from scan
[ RUN      ] scan.stores_new_item
[       OK ] scan.stores_new_item (0 ms)
[----------] 1 test from scan (0 ms total)

[----------] Global test environment tear-down
[==========] 1 test from 1 test suite ran. (0 ms total)
[  PASSED  ] 1 test.
<end of output>
Test time =   0.00 sec
----------------------------------------------------------
Test Passed.
"scan.stores_new_item" end time: May 04 14:17 CEST
"scan.stores_new_item" time elapsed: 00:00:00
----------------------------------------------------------

3/5 Testing: total.ReturnTotal
3/5 Test: total.ReturnTotal
Command: "/Users/jean-philippemagido/dev_workspace/challenges-RMD/C++/textmaster/build/CheckoutTest" "--gtest_filter=total.ReturnTotal" "--gtest_also_run_disabled_tests"
Directory: /Users/jean-philippemagido/dev_workspace/challenges-RMD/C++/textmaster/build
"total.ReturnTotal" start time: May 04 14:17 CEST
Output:
----------------------------------------------------------
Running main() from /Users/jean-philippemagido/dev_workspace/challenges-RMD/C++/textmaster/build/_deps/googletest-src/googletest/src/gtest_main.cc
Note: Google Test filter = total.ReturnTotal
[==========] Running 1 test from 1 test suite.
[----------] Global test environment set-up.
[----------] 1 test from total
[ RUN      ] total.ReturnTotal
items_count: 2
[       OK ] total.ReturnTotal (0 ms)
[----------] 1 test from total (0 ms total)

[----------] Global test environment tear-down
[==========] 1 test from 1 test suite ran. (0 ms total)
[  PASSED  ] 1 test.
<end of output>
Test time =   0.00 sec
----------------------------------------------------------
Test Passed.
"total.ReturnTotal" end time: May 04 14:17 CEST
"total.ReturnTotal" time elapsed: 00:00:00
----------------------------------------------------------

4/5 Testing: Constructor.InitializeCode
4/5 Test: Constructor.InitializeCode
Command: "/Users/jean-philippemagido/dev_workspace/challenges-RMD/C++/textmaster/build/ItemTest" "--gtest_filter=Constructor.InitializeCode" "--gtest_also_run_disabled_tests"
Directory: /Users/jean-philippemagido/dev_workspace/challenges-RMD/C++/textmaster/build
"Constructor.InitializeCode" start time: May 04 14:17 CEST
Output:
----------------------------------------------------------
Running main() from /Users/jean-philippemagido/dev_workspace/challenges-RMD/C++/textmaster/build/_deps/googletest-src/googletest/src/gtest_main.cc
Note: Google Test filter = Constructor.InitializeCode
[==========] Running 1 test from 1 test suite.
[----------] Global test environment set-up.
[----------] 1 test from Constructor
[ RUN      ] Constructor.InitializeCode
[       OK ] Constructor.InitializeCode (0 ms)
[----------] 1 test from Constructor (0 ms total)

[----------] Global test environment tear-down
[==========] 1 test from 1 test suite ran. (0 ms total)
[  PASSED  ] 1 test.
<end of output>
Test time =   0.00 sec
----------------------------------------------------------
Test Passed.
"Constructor.InitializeCode" end time: May 04 14:17 CEST
"Constructor.InitializeCode" time elapsed: 00:00:00
----------------------------------------------------------

5/5 Testing: Constructor.initialize
5/5 Test: Constructor.initialize
Command: "/Users/jean-philippemagido/dev_workspace/challenges-RMD/C++/textmaster/build/DiscountRuleTest" "--gtest_filter=Constructor.initialize" "--gtest_also_run_disabled_tests"
Directory: /Users/jean-philippemagido/dev_workspace/challenges-RMD/C++/textmaster/build
"Constructor.initialize" start time: May 04 14:17 CEST
Output:
----------------------------------------------------------
Running main() from /Users/jean-philippemagido/dev_workspace/challenges-RMD/C++/textmaster/build/_deps/googletest-src/googletest/src/gtest_main.cc
Note: Google Test filter = Constructor.initialize
[==========] Running 1 test from 1 test suite.
[----------] Global test environment set-up.
[----------] 1 test from Constructor
[ RUN      ] Constructor.initialize
[       OK ] Constructor.initialize (0 ms)
[----------] 1 test from Constructor (0 ms total)

[----------] Global test environment tear-down
[==========] 1 test from 1 test suite ran. (0 ms total)
[  PASSED  ] 1 test.
<end of output>
Test time =   0.00 sec
----------------------------------------------------------
Test Passed.
"Constructor.initialize" end time: May 04 14:17 CEST
"Constructor.initialize" time elapsed: 00:00:00
----------------------------------------------------------

End testing: May 04 14:17 CEST
